[33mStarting up http-server, serving [39m[36m./[39m[33m through[39m[36m https[39m[33m[39m
[33mAvailable on:[39m
  https://127.0.0.1:[32m8080[39m
  https://10.128.0.3:[32m8080[39m
Hit CTRL-C to stop the server
open: https://127.0.0.1:8080
[Thu Sep 10 2020 14:08:23 GMT+0000 (UTC)]  "[36mGET[39m [36m/[39m" "Mozilla/5.0 (Windows NT 10.0; Win64; x64) AppleWebKit/537.36 (KHTML, like Gecko) Chrome/85.0.4183.83 Safari/537.36"
[Thu Sep 10 2020 14:08:24 GMT+0000 (UTC)]  "[36mGET[39m [36m/assets/css/style.css[39m" "Mozilla/5.0 (Windows NT 10.0; Win64; x64) AppleWebKit/537.36 (KHTML, like Gecko) Chrome/85.0.4183.83 Safari/537.36"
[Thu Sep 10 2020 14:08:24 GMT+0000 (UTC)]  "[36mGET[39m [36m/assets/js/chat_client.js[39m" "Mozilla/5.0 (Windows NT 10.0; Win64; x64) AppleWebKit/537.36 (KHTML, like Gecko) Chrome/85.0.4183.83 Safari/537.36"
[Thu Sep 10 2020 14:08:24 GMT+0000 (UTC)]  "[36mGET[39m [36m/assets/images/send_icon_white.png[39m" "Mozilla/5.0 (Windows NT 10.0; Win64; x64) AppleWebKit/537.36 (KHTML, like Gecko) Chrome/85.0.4183.83 Safari/537.36"
[Thu Sep 10 2020 14:08:24 GMT+0000 (UTC)]  "[36mGET[39m [36m/favicon.ico[39m" "Mozilla/5.0 (Windows NT 10.0; Win64; x64) AppleWebKit/537.36 (KHTML, like Gecko) Chrome/85.0.4183.83 Safari/537.36"
[Thu Sep 10 2020 14:08:24 GMT+0000 (UTC)]  "[31mGET[39m [31m/favicon.ico[39m" Error ([31m404[39m): "[31mNot found[39m"
[33mStarting up http-server, serving [39m[36m./[39m[33m through[39m[36m https[39m[33m[39m
[33mAvailable on:[39m
  https://127.0.0.1:[32m8080[39m
  https://10.128.0.4:[32m8080[39m
Hit CTRL-C to stop the server
open: https://127.0.0.1:8080
[Mon Sep 28 2020 10:50:01 GMT+0000 (UTC)]  "[36mGET[39m [36m/[39m" "Mozilla/5.0 (Windows NT 10.0; Win64; x64) AppleWebKit/537.36 (KHTML, like Gecko) Chrome/85.0.4183.121 Safari/537.36"
[Mon Sep 28 2020 10:50:01 GMT+0000 (UTC)]  "[36mGET[39m [36m/assets/css/style.css[39m" "Mozilla/5.0 (Windows NT 10.0; Win64; x64) AppleWebKit/537.36 (KHTML, like Gecko) Chrome/85.0.4183.121 Safari/537.36"
[Mon Sep 28 2020 10:50:02 GMT+0000 (UTC)]  "[36mGET[39m [36m/assets/js/chat_client.js[39m" "Mozilla/5.0 (Windows NT 10.0; Win64; x64) AppleWebKit/537.36 (KHTML, like Gecko) Chrome/85.0.4183.121 Safari/537.36"
[Mon Sep 28 2020 10:50:02 GMT+0000 (UTC)]  "[36mGET[39m [36m/assets/images/send_icon_white.png[39m" "Mozilla/5.0 (Windows NT 10.0; Win64; x64) AppleWebKit/537.36 (KHTML, like Gecko) Chrome/85.0.4183.121 Safari/537.36"
[Mon Sep 28 2020 10:50:02 GMT+0000 (UTC)]  "[36mGET[39m [36m/favicon.ico[39m" "Mozilla/5.0 (Windows NT 10.0; Win64; x64) AppleWebKit/537.36 (KHTML, like Gecko) Chrome/85.0.4183.121 Safari/537.36"
[Mon Sep 28 2020 10:50:02 GMT+0000 (UTC)]  "[31mGET[39m [31m/favicon.ico[39m" Error ([31m404[39m): "[31mNot found[39m"
[33mStarting up http-server, serving [39m[36m./[39m[33m through[39m[36m https[39m[33m[39m
[33mAvailable on:[39m
  https://127.0.0.1:[32m8080[39m
  https://10.128.0.4:[32m8080[39m
Hit CTRL-C to stop the server
open: https://127.0.0.1:8080
[Tue Sep 29 2020 07:44:48 GMT+0000 (UTC)]  "[36mGET[39m [36m/[39m" "Mozilla/5.0 (Windows NT 10.0; Win64; x64) AppleWebKit/537.36 (KHTML, like Gecko) Chrome/85.0.4183.121 Safari/537.36"
[Tue Sep 29 2020 07:44:49 GMT+0000 (UTC)]  "[36mGET[39m [36m/assets/css/style.css[39m" "Mozilla/5.0 (Windows NT 10.0; Win64; x64) AppleWebKit/537.36 (KHTML, like Gecko) Chrome/85.0.4183.121 Safari/537.36"
[Tue Sep 29 2020 07:44:49 GMT+0000 (UTC)]  "[36mGET[39m [36m/assets/js/chat_client.js[39m" "Mozilla/5.0 (Windows NT 10.0; Win64; x64) AppleWebKit/537.36 (KHTML, like Gecko) Chrome/85.0.4183.121 Safari/537.36"
[Tue Sep 29 2020 07:44:49 GMT+0000 (UTC)]  "[36mGET[39m [36m/assets/images/send_icon_white.png[39m" "Mozilla/5.0 (Windows NT 10.0; Win64; x64) AppleWebKit/537.36 (KHTML, like Gecko) Chrome/85.0.4183.121 Safari/537.36"
[Tue Sep 29 2020 07:44:49 GMT+0000 (UTC)]  "[36mGET[39m [36m/favicon.ico[39m" "Mozilla/5.0 (Windows NT 10.0; Win64; x64) AppleWebKit/537.36 (KHTML, like Gecko) Chrome/85.0.4183.121 Safari/537.36"
[Tue Sep 29 2020 07:44:49 GMT+0000 (UTC)]  "[31mGET[39m [31m/favicon.ico[39m" Error ([31m404[39m): "[31mNot found[39m"
[Tue Sep 29 2020 08:58:55 GMT+0000 (UTC)]  "[36mGET[39m [36m/[39m" "Mozilla/5.0 (Windows NT 10.0; Win64; x64) AppleWebKit/537.36 (KHTML, like Gecko) Chrome/85.0.4183.121 Safari/537.36"
[Tue Sep 29 2020 08:58:56 GMT+0000 (UTC)]  "[36mGET[39m [36m/assets/css/style.css[39m" "Mozilla/5.0 (Windows NT 10.0; Win64; x64) AppleWebKit/537.36 (KHTML, like Gecko) Chrome/85.0.4183.121 Safari/537.36"
[Tue Sep 29 2020 08:58:56 GMT+0000 (UTC)]  "[36mGET[39m [36m/assets/js/chat_client.js[39m" "Mozilla/5.0 (Windows NT 10.0; Win64; x64) AppleWebKit/537.36 (KHTML, like Gecko) Chrome/85.0.4183.121 Safari/537.36"
[Tue Sep 29 2020 08:58:56 GMT+0000 (UTC)]  "[36mGET[39m [36m/assets/images/send_icon_white.png[39m" "Mozilla/5.0 (Windows NT 10.0; Win64; x64) AppleWebKit/537.36 (KHTML, like Gecko) Chrome/85.0.4183.121 Safari/537.36"
[Tue Sep 29 2020 08:59:13 GMT+0000 (UTC)]  "[36mGET[39m [36m/assets/images/food_images/21.jpg[39m" "Mozilla/5.0 (Windows NT 10.0; Win64; x64) AppleWebKit/537.36 (KHTML, like Gecko) Chrome/85.0.4183.121 Safari/537.36"
[Tue Sep 29 2020 08:59:13 GMT+0000 (UTC)]  "[36mGET[39m [36m/assets/images/food_images/22.jpg[39m" "Mozilla/5.0 (Windows NT 10.0; Win64; x64) AppleWebKit/537.36 (KHTML, like Gecko) Chrome/85.0.4183.121 Safari/537.36"
[Tue Sep 29 2020 08:59:13 GMT+0000 (UTC)]  "[36mGET[39m [36m/assets/images/food_images/23.jpg[39m" "Mozilla/5.0 (Windows NT 10.0; Win64; x64) AppleWebKit/537.36 (KHTML, like Gecko) Chrome/85.0.4183.121 Safari/537.36"
[Tue Sep 29 2020 08:59:13 GMT+0000 (UTC)]  "[36mGET[39m [36m/assets/images/food_images/24.jpg[39m" "Mozilla/5.0 (Windows NT 10.0; Win64; x64) AppleWebKit/537.36 (KHTML, like Gecko) Chrome/85.0.4183.121 Safari/537.36"
[Tue Sep 29 2020 08:59:13 GMT+0000 (UTC)]  "[36mGET[39m [36m/assets/images/food_images/25.jpg[39m" "Mozilla/5.0 (Windows NT 10.0; Win64; x64) AppleWebKit/537.36 (KHTML, like Gecko) Chrome/85.0.4183.121 Safari/537.36"
[Tue Sep 29 2020 08:59:32 GMT+0000 (UTC)]  "[36mGET[39m [36m/assets/images/food_images/27.jpg[39m" "Mozilla/5.0 (Windows NT 10.0; Win64; x64) AppleWebKit/537.36 (KHTML, like Gecko) Chrome/85.0.4183.121 Safari/537.36"
[Tue Sep 29 2020 08:59:32 GMT+0000 (UTC)]  "[36mGET[39m [36m/assets/images/food_images/32.jpg[39m" "Mozilla/5.0 (Windows NT 10.0; Win64; x64) AppleWebKit/537.36 (KHTML, like Gecko) Chrome/85.0.4183.121 Safari/537.36"
[Tue Sep 29 2020 08:59:32 GMT+0000 (UTC)]  "[36mGET[39m [36m/assets/images/food_images/33.jpg[39m" "Mozilla/5.0 (Windows NT 10.0; Win64; x64) AppleWebKit/537.36 (KHTML, like Gecko) Chrome/85.0.4183.121 Safari/537.36"
[Tue Sep 29 2020 08:59:32 GMT+0000 (UTC)]  "[36mGET[39m [36m/assets/images/food_images/26.jpg[39m" "Mozilla/5.0 (Windows NT 10.0; Win64; x64) AppleWebKit/537.36 (KHTML, like Gecko) Chrome/85.0.4183.121 Safari/537.36"
[Tue Sep 29 2020 08:59:32 GMT+0000 (UTC)]  "[36mGET[39m [36m/assets/images/food_images/34.jpg[39m" "Mozilla/5.0 (Windows NT 10.0; Win64; x64) AppleWebKit/537.36 (KHTML, like Gecko) Chrome/85.0.4183.121 Safari/537.36"
[Tue Sep 29 2020 08:59:32 GMT+0000 (UTC)]  "[36mGET[39m [36m/assets/images/food_images/30.jpg[39m" "Mozilla/5.0 (Windows NT 10.0; Win64; x64) AppleWebKit/537.36 (KHTML, like Gecko) Chrome/85.0.4183.121 Safari/537.36"
[Tue Sep 29 2020 09:01:05 GMT+0000 (UTC)]  "[36mGET[39m [36m/[39m" "Mozilla/5.0 (Windows NT 10.0; Win64; x64) AppleWebKit/537.36 (KHTML, like Gecko) Chrome/85.0.4183.121 Safari/537.36"
[Tue Sep 29 2020 09:01:05 GMT+0000 (UTC)]  "[36mGET[39m [36m/assets/css/style.css[39m" "Mozilla/5.0 (Windows NT 10.0; Win64; x64) AppleWebKit/537.36 (KHTML, like Gecko) Chrome/85.0.4183.121 Safari/537.36"
[Tue Sep 29 2020 09:01:14 GMT+0000 (UTC)]  "[36mGET[39m [36m/assets/images/food_images/30.jpg[39m" "Mozilla/5.0 (Windows NT 10.0; Win64; x64) AppleWebKit/537.36 (KHTML, like Gecko) Chrome/85.0.4183.121 Safari/537.36"
[Tue Sep 29 2020 10:13:54 GMT+0000 (UTC)]  "[36mGET[39m [36m/[39m" "Mozilla/5.0 (Windows NT 10.0; Win64; x64) AppleWebKit/537.36 (KHTML, like Gecko) Chrome/85.0.4183.121 Safari/537.36"
[Tue Sep 29 2020 10:13:55 GMT+0000 (UTC)]  "[36mGET[39m [36m/assets/css/style.css[39m" "Mozilla/5.0 (Windows NT 10.0; Win64; x64) AppleWebKit/537.36 (KHTML, like Gecko) Chrome/85.0.4183.121 Safari/537.36"
[Tue Sep 29 2020 10:13:55 GMT+0000 (UTC)]  "[36mGET[39m [36m/assets/js/chat_client.js[39m" "Mozilla/5.0 (Windows NT 10.0; Win64; x64) AppleWebKit/537.36 (KHTML, like Gecko) Chrome/85.0.4183.121 Safari/537.36"
[Tue Sep 29 2020 10:13:55 GMT+0000 (UTC)]  "[36mGET[39m [36m/assets/images/send_icon_white.png[39m" "Mozilla/5.0 (Windows NT 10.0; Win64; x64) AppleWebKit/537.36 (KHTML, like Gecko) Chrome/85.0.4183.121 Safari/537.36"
[Tue Sep 29 2020 10:14:13 GMT+0000 (UTC)]  "[36mGET[39m [36m/[39m" "Mozilla/5.0 (Windows NT 10.0; Win64; x64) AppleWebKit/537.36 (KHTML, like Gecko) Chrome/85.0.4183.121 Safari/537.36"
[Tue Sep 29 2020 10:14:13 GMT+0000 (UTC)]  "[36mGET[39m [36m/assets/css/style.css[39m" "Mozilla/5.0 (Windows NT 10.0; Win64; x64) AppleWebKit/537.36 (KHTML, like Gecko) Chrome/85.0.4183.121 Safari/537.36"
[Tue Sep 29 2020 10:14:30 GMT+0000 (UTC)]  "[36mGET[39m [36m/[39m" "Mozilla/5.0 (Windows NT 10.0; Win64; x64) AppleWebKit/537.36 (KHTML, like Gecko) Chrome/85.0.4183.121 Safari/537.36"
[Tue Sep 29 2020 10:14:30 GMT+0000 (UTC)]  "[36mGET[39m [36m/assets/css/style.css[39m" "Mozilla/5.0 (Windows NT 10.0; Win64; x64) AppleWebKit/537.36 (KHTML, like Gecko) Chrome/85.0.4183.121 Safari/537.36"
[Tue Sep 29 2020 10:14:39 GMT+0000 (UTC)]  "[36mGET[39m [36m/assets/images/food_images/21.jpg[39m" "Mozilla/5.0 (Windows NT 10.0; Win64; x64) AppleWebKit/537.36 (KHTML, like Gecko) Chrome/85.0.4183.121 Safari/537.36"
[Tue Sep 29 2020 10:14:39 GMT+0000 (UTC)]  "[36mGET[39m [36m/assets/images/food_images/22.jpg[39m" "Mozilla/5.0 (Windows NT 10.0; Win64; x64) AppleWebKit/537.36 (KHTML, like Gecko) Chrome/85.0.4183.121 Safari/537.36"
[Tue Sep 29 2020 10:14:39 GMT+0000 (UTC)]  "[36mGET[39m [36m/assets/images/food_images/23.jpg[39m" "Mozilla/5.0 (Windows NT 10.0; Win64; x64) AppleWebKit/537.36 (KHTML, like Gecko) Chrome/85.0.4183.121 Safari/537.36"
[Tue Sep 29 2020 10:14:39 GMT+0000 (UTC)]  "[36mGET[39m [36m/assets/images/food_images/25.jpg[39m" "Mozilla/5.0 (Windows NT 10.0; Win64; x64) AppleWebKit/537.36 (KHTML, like Gecko) Chrome/85.0.4183.121 Safari/537.36"
[Tue Sep 29 2020 10:14:39 GMT+0000 (UTC)]  "[36mGET[39m [36m/assets/images/food_images/24.jpg[39m" "Mozilla/5.0 (Windows NT 10.0; Win64; x64) AppleWebKit/537.36 (KHTML, like Gecko) Chrome/85.0.4183.121 Safari/537.36"
[31mhttp-server stopped.[39m
[33mStarting up http-server, serving [39m[36m./[39m[33m through[39m[36m https[39m[33m[39m
[33mAvailable on:[39m
  https://127.0.0.1:[32m8080[39m
  https://10.128.0.4:[32m8080[39m
Hit CTRL-C to stop the server
open: https://127.0.0.1:8080
[Tue Sep 29 2020 10:56:02 GMT+0000 (UTC)]  "[36mGET[39m [36m/[39m" "Mozilla/5.0 (Windows NT 10.0; Win64; x64) AppleWebKit/537.36 (KHTML, like Gecko) Chrome/85.0.4183.121 Safari/537.36"
[Tue Sep 29 2020 10:56:02 GMT+0000 (UTC)]  "[36mGET[39m [36m/assets/css/style.css[39m" "Mozilla/5.0 (Windows NT 10.0; Win64; x64) AppleWebKit/537.36 (KHTML, like Gecko) Chrome/85.0.4183.121 Safari/537.36"
[Tue Sep 29 2020 10:56:02 GMT+0000 (UTC)]  "[36mGET[39m [36m/assets/js/chat_client.js[39m" "Mozilla/5.0 (Windows NT 10.0; Win64; x64) AppleWebKit/537.36 (KHTML, like Gecko) Chrome/85.0.4183.121 Safari/537.36"
[Tue Sep 29 2020 10:56:03 GMT+0000 (UTC)]  "[36mGET[39m [36m/assets/images/send_icon_white.png[39m" "Mozilla/5.0 (Windows NT 10.0; Win64; x64) AppleWebKit/537.36 (KHTML, like Gecko) Chrome/85.0.4183.121 Safari/537.36"
[Tue Sep 29 2020 10:56:12 GMT+0000 (UTC)]  "[36mGET[39m [36m/[39m" "Mozilla/5.0 (Windows NT 10.0; Win64; x64) AppleWebKit/537.36 (KHTML, like Gecko) Chrome/85.0.4183.121 Safari/537.36"
[Tue Sep 29 2020 10:56:12 GMT+0000 (UTC)]  "[36mGET[39m [36m/assets/css/style.css[39m" "Mozilla/5.0 (Windows NT 10.0; Win64; x64) AppleWebKit/537.36 (KHTML, like Gecko) Chrome/85.0.4183.121 Safari/537.36"
[Tue Sep 29 2020 10:56:27 GMT+0000 (UTC)]  "[36mGET[39m [36m/[39m" "Mozilla/5.0 (Windows NT 10.0; Win64; x64) AppleWebKit/537.36 (KHTML, like Gecko) Chrome/85.0.4183.121 Safari/537.36"
[Tue Sep 29 2020 10:56:27 GMT+0000 (UTC)]  "[36mGET[39m [36m/assets/css/style.css[39m" "Mozilla/5.0 (Windows NT 10.0; Win64; x64) AppleWebKit/537.36 (KHTML, like Gecko) Chrome/85.0.4183.121 Safari/537.36"
[Tue Sep 29 2020 10:59:51 GMT+0000 (UTC)]  "[36mGET[39m [36m/[39m" "Mozilla/5.0 (Windows NT 10.0; Win64; x64) AppleWebKit/537.36 (KHTML, like Gecko) Chrome/85.0.4183.121 Safari/537.36"
[Tue Sep 29 2020 10:59:51 GMT+0000 (UTC)]  "[36mGET[39m [36m/assets/css/style.css[39m" "Mozilla/5.0 (Windows NT 10.0; Win64; x64) AppleWebKit/537.36 (KHTML, like Gecko) Chrome/85.0.4183.121 Safari/537.36"
[Tue Sep 29 2020 11:00:08 GMT+0000 (UTC)]  "[36mGET[39m [36m/[39m" "Mozilla/5.0 (Windows NT 10.0; Win64; x64) AppleWebKit/537.36 (KHTML, like Gecko) Chrome/85.0.4183.121 Safari/537.36"
[Tue Sep 29 2020 11:00:08 GMT+0000 (UTC)]  "[36mGET[39m [36m/assets/css/style.css[39m" "Mozilla/5.0 (Windows NT 10.0; Win64; x64) AppleWebKit/537.36 (KHTML, like Gecko) Chrome/85.0.4183.121 Safari/537.36"
[Tue Sep 29 2020 11:24:51 GMT+0000 (UTC)]  "[36mGET[39m [36m/[39m" "Mozilla/5.0 (Windows NT 10.0; Win64; x64) AppleWebKit/537.36 (KHTML, like Gecko) Chrome/85.0.4183.121 Safari/537.36"
[Tue Sep 29 2020 11:24:51 GMT+0000 (UTC)]  "[36mGET[39m [36m/assets/css/style.css[39m" "Mozilla/5.0 (Windows NT 10.0; Win64; x64) AppleWebKit/537.36 (KHTML, like Gecko) Chrome/85.0.4183.121 Safari/537.36"
[Tue Sep 29 2020 11:24:52 GMT+0000 (UTC)]  "[36mGET[39m [36m/assets/js/chat_client.js[39m" "Mozilla/5.0 (Windows NT 10.0; Win64; x64) AppleWebKit/537.36 (KHTML, like Gecko) Chrome/85.0.4183.121 Safari/537.36"
[Tue Sep 29 2020 11:24:52 GMT+0000 (UTC)]  "[36mGET[39m [36m/assets/images/send_icon_white.png[39m" "Mozilla/5.0 (Windows NT 10.0; Win64; x64) AppleWebKit/537.36 (KHTML, like Gecko) Chrome/85.0.4183.121 Safari/537.36"
[Tue Sep 29 2020 11:25:38 GMT+0000 (UTC)]  "[36mGET[39m [36m/assets/images/food_images/16.jpg[39m" "Mozilla/5.0 (Windows NT 10.0; Win64; x64) AppleWebKit/537.36 (KHTML, like Gecko) Chrome/85.0.4183.121 Safari/537.36"
[Tue Sep 29 2020 12:33:37 GMT+0000 (UTC)]  "[36mGET[39m [36m/assets/images/food_images/21.jpg[39m" "Mozilla/5.0 (Windows NT 10.0; Win64; x64) AppleWebKit/537.36 (KHTML, like Gecko) Chrome/85.0.4183.121 Safari/537.36"
[Tue Sep 29 2020 12:33:37 GMT+0000 (UTC)]  "[36mGET[39m [36m/assets/images/food_images/22.jpg[39m" "Mozilla/5.0 (Windows NT 10.0; Win64; x64) AppleWebKit/537.36 (KHTML, like Gecko) Chrome/85.0.4183.121 Safari/537.36"
[Tue Sep 29 2020 12:33:37 GMT+0000 (UTC)]  "[36mGET[39m [36m/assets/images/food_images/23.jpg[39m" "Mozilla/5.0 (Windows NT 10.0; Win64; x64) AppleWebKit/537.36 (KHTML, like Gecko) Chrome/85.0.4183.121 Safari/537.36"
[Tue Sep 29 2020 12:33:37 GMT+0000 (UTC)]  "[36mGET[39m [36m/assets/images/food_images/24.jpg[39m" "Mozilla/5.0 (Windows NT 10.0; Win64; x64) AppleWebKit/537.36 (KHTML, like Gecko) Chrome/85.0.4183.121 Safari/537.36"
[Tue Sep 29 2020 12:33:37 GMT+0000 (UTC)]  "[36mGET[39m [36m/assets/images/food_images/25.jpg[39m" "Mozilla/5.0 (Windows NT 10.0; Win64; x64) AppleWebKit/537.36 (KHTML, like Gecko) Chrome/85.0.4183.121 Safari/537.36"
[Tue Sep 29 2020 12:33:53 GMT+0000 (UTC)]  "[36mGET[39m [36m/[39m" "Mozilla/5.0 (Windows NT 10.0; Win64; x64) AppleWebKit/537.36 (KHTML, like Gecko) Chrome/85.0.4183.121 Safari/537.36"
[Tue Sep 29 2020 12:33:53 GMT+0000 (UTC)]  "[36mGET[39m [36m/assets/css/style.css[39m" "Mozilla/5.0 (Windows NT 10.0; Win64; x64) AppleWebKit/537.36 (KHTML, like Gecko) Chrome/85.0.4183.121 Safari/537.36"
[Tue Sep 29 2020 12:33:53 GMT+0000 (UTC)]  "[36mGET[39m [36m/assets/js/chat_client.js[39m" "Mozilla/5.0 (Windows NT 10.0; Win64; x64) AppleWebKit/537.36 (KHTML, like Gecko) Chrome/85.0.4183.121 Safari/537.36"
[Tue Sep 29 2020 12:33:53 GMT+0000 (UTC)]  "[36mGET[39m [36m/assets/images/send_icon_white.png[39m" "Mozilla/5.0 (Windows NT 10.0; Win64; x64) AppleWebKit/537.36 (KHTML, like Gecko) Chrome/85.0.4183.121 Safari/537.36"
[Tue Sep 29 2020 12:34:01 GMT+0000 (UTC)]  "[36mGET[39m [36m/assets/images/food_images/21.jpg[39m" "Mozilla/5.0 (Windows NT 10.0; Win64; x64) AppleWebKit/537.36 (KHTML, like Gecko) Chrome/85.0.4183.121 Safari/537.36"
[Tue Sep 29 2020 12:34:01 GMT+0000 (UTC)]  "[36mGET[39m [36m/assets/images/food_images/22.jpg[39m" "Mozilla/5.0 (Windows NT 10.0; Win64; x64) AppleWebKit/537.36 (KHTML, like Gecko) Chrome/85.0.4183.121 Safari/537.36"
[Tue Sep 29 2020 12:34:01 GMT+0000 (UTC)]  "[36mGET[39m [36m/assets/images/food_images/23.jpg[39m" "Mozilla/5.0 (Windows NT 10.0; Win64; x64) AppleWebKit/537.36 (KHTML, like Gecko) Chrome/85.0.4183.121 Safari/537.36"
[Tue Sep 29 2020 12:34:01 GMT+0000 (UTC)]  "[36mGET[39m [36m/assets/images/food_images/24.jpg[39m" "Mozilla/5.0 (Windows NT 10.0; Win64; x64) AppleWebKit/537.36 (KHTML, like Gecko) Chrome/85.0.4183.121 Safari/537.36"
[Tue Sep 29 2020 12:34:01 GMT+0000 (UTC)]  "[36mGET[39m [36m/assets/images/food_images/25.jpg[39m" "Mozilla/5.0 (Windows NT 10.0; Win64; x64) AppleWebKit/537.36 (KHTML, like Gecko) Chrome/85.0.4183.121 Safari/537.36"
[Tue Sep 29 2020 12:55:42 GMT+0000 (UTC)]  "[36mGET[39m [36m/[39m" "Mozilla/5.0 (Windows NT 10.0; Win64; x64) AppleWebKit/537.36 (KHTML, like Gecko) Chrome/85.0.4183.121 Safari/537.36"
[Tue Sep 29 2020 12:55:43 GMT+0000 (UTC)]  "[36mGET[39m [36m/assets/css/style.css[39m" "Mozilla/5.0 (Windows NT 10.0; Win64; x64) AppleWebKit/537.36 (KHTML, like Gecko) Chrome/85.0.4183.121 Safari/537.36"
[Tue Sep 29 2020 12:55:43 GMT+0000 (UTC)]  "[36mGET[39m [36m/assets/js/chat_client.js[39m" "Mozilla/5.0 (Windows NT 10.0; Win64; x64) AppleWebKit/537.36 (KHTML, like Gecko) Chrome/85.0.4183.121 Safari/537.36"
[Tue Sep 29 2020 12:55:43 GMT+0000 (UTC)]  "[36mGET[39m [36m/assets/images/send_icon_white.png[39m" "Mozilla/5.0 (Windows NT 10.0; Win64; x64) AppleWebKit/537.36 (KHTML, like Gecko) Chrome/85.0.4183.121 Safari/537.36"
[Tue Sep 29 2020 12:55:54 GMT+0000 (UTC)]  "[36mGET[39m [36m/assets/images/food_images/21.jpg[39m" "Mozilla/5.0 (Windows NT 10.0; Win64; x64) AppleWebKit/537.36 (KHTML, like Gecko) Chrome/85.0.4183.121 Safari/537.36"
[Tue Sep 29 2020 12:55:54 GMT+0000 (UTC)]  "[36mGET[39m [36m/assets/images/food_images/22.jpg[39m" "Mozilla/5.0 (Windows NT 10.0; Win64; x64) AppleWebKit/537.36 (KHTML, like Gecko) Chrome/85.0.4183.121 Safari/537.36"
[Tue Sep 29 2020 12:55:54 GMT+0000 (UTC)]  "[36mGET[39m [36m/assets/images/food_images/23.jpg[39m" "Mozilla/5.0 (Windows NT 10.0; Win64; x64) AppleWebKit/537.36 (KHTML, like Gecko) Chrome/85.0.4183.121 Safari/537.36"
[Tue Sep 29 2020 12:55:54 GMT+0000 (UTC)]  "[36mGET[39m [36m/assets/images/food_images/24.jpg[39m" "Mozilla/5.0 (Windows NT 10.0; Win64; x64) AppleWebKit/537.36 (KHTML, like Gecko) Chrome/85.0.4183.121 Safari/537.36"
[Tue Sep 29 2020 12:55:54 GMT+0000 (UTC)]  "[36mGET[39m [36m/assets/images/food_images/25.jpg[39m" "Mozilla/5.0 (Windows NT 10.0; Win64; x64) AppleWebKit/537.36 (KHTML, like Gecko) Chrome/85.0.4183.121 Safari/537.36"
[Tue Sep 29 2020 12:56:54 GMT+0000 (UTC)]  "[36mGET[39m [36m/[39m" "Mozilla/5.0 (Windows NT 10.0; Win64; x64) AppleWebKit/537.36 (KHTML, like Gecko) Chrome/85.0.4183.121 Safari/537.36"
[Tue Sep 29 2020 12:56:54 GMT+0000 (UTC)]  "[36mGET[39m [36m/assets/css/style.css[39m" "Mozilla/5.0 (Windows NT 10.0; Win64; x64) AppleWebKit/537.36 (KHTML, like Gecko) Chrome/85.0.4183.121 Safari/537.36"
[Tue Sep 29 2020 12:57:20 GMT+0000 (UTC)]  "[36mGET[39m [36m/assets/images/food_images/28.jpg[39m" "Mozilla/5.0 (Windows NT 10.0; Win64; x64) AppleWebKit/537.36 (KHTML, like Gecko) Chrome/85.0.4183.121 Safari/537.36"
[Tue Sep 29 2020 12:57:20 GMT+0000 (UTC)]  "[36mGET[39m [36m/assets/images/food_images/34.jpg[39m" "Mozilla/5.0 (Windows NT 10.0; Win64; x64) AppleWebKit/537.36 (KHTML, like Gecko) Chrome/85.0.4183.121 Safari/537.36"
[Tue Sep 29 2020 12:57:20 GMT+0000 (UTC)]  "[36mGET[39m [36m/assets/images/food_images/29.jpg[39m" "Mozilla/5.0 (Windows NT 10.0; Win64; x64) AppleWebKit/537.36 (KHTML, like Gecko) Chrome/85.0.4183.121 Safari/537.36"
[Tue Sep 29 2020 12:57:20 GMT+0000 (UTC)]  "[36mGET[39m [36m/assets/images/food_images/31.jpg[39m" "Mozilla/5.0 (Windows NT 10.0; Win64; x64) AppleWebKit/537.36 (KHTML, like Gecko) Chrome/85.0.4183.121 Safari/537.36"
[Tue Sep 29 2020 12:57:20 GMT+0000 (UTC)]  "[36mGET[39m [36m/assets/images/food_images/32.jpg[39m" "Mozilla/5.0 (Windows NT 10.0; Win64; x64) AppleWebKit/537.36 (KHTML, like Gecko) Chrome/85.0.4183.121 Safari/537.36"
[Tue Sep 29 2020 12:57:20 GMT+0000 (UTC)]  "[36mGET[39m [36m/assets/images/food_images/27.jpg[39m" "Mozilla/5.0 (Windows NT 10.0; Win64; x64) AppleWebKit/537.36 (KHTML, like Gecko) Chrome/85.0.4183.121 Safari/537.36"
[Tue Sep 29 2020 12:57:38 GMT+0000 (UTC)]  "[36mGET[39m [36m/assets/images/food_images/33.jpg[39m" "Mozilla/5.0 (Windows NT 10.0; Win64; x64) AppleWebKit/537.36 (KHTML, like Gecko) Chrome/85.0.4183.121 Safari/537.36"
[Tue Sep 29 2020 12:57:38 GMT+0000 (UTC)]  "[36mGET[39m [36m/assets/images/food_images/30.jpg[39m" "Mozilla/5.0 (Windows NT 10.0; Win64; x64) AppleWebKit/537.36 (KHTML, like Gecko) Chrome/85.0.4183.121 Safari/537.36"
[Tue Sep 29 2020 12:57:49 GMT+0000 (UTC)]  "[36mGET[39m [36m/[39m" "Mozilla/5.0 (Windows NT 10.0; Win64; x64) AppleWebKit/537.36 (KHTML, like Gecko) Chrome/85.0.4183.121 Safari/537.36"
[Tue Sep 29 2020 12:57:50 GMT+0000 (UTC)]  "[36mGET[39m [36m/assets/css/style.css[39m" "Mozilla/5.0 (Windows NT 10.0; Win64; x64) AppleWebKit/537.36 (KHTML, like Gecko) Chrome/85.0.4183.121 Safari/537.36"
[Tue Sep 29 2020 12:58:11 GMT+0000 (UTC)]  "[36mGET[39m [36m/assets/images/food_images/21.jpg[39m" "Mozilla/5.0 (Windows NT 10.0; Win64; x64) AppleWebKit/537.36 (KHTML, like Gecko) Chrome/85.0.4183.121 Safari/537.36"
[Tue Sep 29 2020 12:58:11 GMT+0000 (UTC)]  "[36mGET[39m [36m/assets/images/food_images/34.jpg[39m" "Mozilla/5.0 (Windows NT 10.0; Win64; x64) AppleWebKit/537.36 (KHTML, like Gecko) Chrome/85.0.4183.121 Safari/537.36"
[Tue Sep 29 2020 12:58:11 GMT+0000 (UTC)]  "[36mGET[39m [36m/assets/images/food_images/29.jpg[39m" "Mozilla/5.0 (Windows NT 10.0; Win64; x64) AppleWebKit/537.36 (KHTML, like Gecko) Chrome/85.0.4183.121 Safari/537.36"
[Tue Sep 29 2020 12:58:11 GMT+0000 (UTC)]  "[36mGET[39m [36m/assets/images/food_images/33.jpg[39m" "Mozilla/5.0 (Windows NT 10.0; Win64; x64) AppleWebKit/537.36 (KHTML, like Gecko) Chrome/85.0.4183.121 Safari/537.36"
[Tue Sep 29 2020 12:58:11 GMT+0000 (UTC)]  "[36mGET[39m [36m/assets/images/food_images/30.jpg[39m" "Mozilla/5.0 (Windows NT 10.0; Win64; x64) AppleWebKit/537.36 (KHTML, like Gecko) Chrome/85.0.4183.121 Safari/537.36"
[Tue Sep 29 2020 12:58:11 GMT+0000 (UTC)]  "[36mGET[39m [36m/assets/images/food_images/27.jpg[39m" "Mozilla/5.0 (Windows NT 10.0; Win64; x64) AppleWebKit/537.36 (KHTML, like Gecko) Chrome/85.0.4183.121 Safari/537.36"
[Tue Sep 29 2020 12:58:12 GMT+0000 (UTC)]  "[36mGET[39m [36m/assets/images/food_images/23.jpg[39m" "Mozilla/5.0 (Windows NT 10.0; Win64; x64) AppleWebKit/537.36 (KHTML, like Gecko) Chrome/85.0.4183.121 Safari/537.36"
[Tue Sep 29 2020 12:58:12 GMT+0000 (UTC)]  "[36mGET[39m [36m/assets/images/food_images/24.jpg[39m" "Mozilla/5.0 (Windows NT 10.0; Win64; x64) AppleWebKit/537.36 (KHTML, like Gecko) Chrome/85.0.4183.121 Safari/537.36"
[Tue Sep 29 2020 12:58:12 GMT+0000 (UTC)]  "[36mGET[39m [36m/assets/images/food_images/22.jpg[39m" "Mozilla/5.0 (Windows NT 10.0; Win64; x64) AppleWebKit/537.36 (KHTML, like Gecko) Chrome/85.0.4183.121 Safari/537.36"
[Tue Sep 29 2020 12:58:12 GMT+0000 (UTC)]  "[36mGET[39m [36m/assets/images/food_images/31.jpg[39m" "Mozilla/5.0 (Windows NT 10.0; Win64; x64) AppleWebKit/537.36 (KHTML, like Gecko) Chrome/85.0.4183.121 Safari/537.36"
[Tue Sep 29 2020 12:58:22 GMT+0000 (UTC)]  "[36mGET[39m [36m/[39m" "Mozilla/5.0 (Windows NT 10.0; Win64; x64) AppleWebKit/537.36 (KHTML, like Gecko) Chrome/85.0.4183.121 Safari/537.36"
[Tue Sep 29 2020 12:58:22 GMT+0000 (UTC)]  "[36mGET[39m [36m/assets/css/style.css[39m" "Mozilla/5.0 (Windows NT 10.0; Win64; x64) AppleWebKit/537.36 (KHTML, like Gecko) Chrome/85.0.4183.121 Safari/537.36"
[Tue Sep 29 2020 12:58:43 GMT+0000 (UTC)]  "[36mGET[39m [36m/assets/images/food_images/26.jpg[39m" "Mozilla/5.0 (Windows NT 10.0; Win64; x64) AppleWebKit/537.36 (KHTML, like Gecko) Chrome/85.0.4183.121 Safari/537.36"
[Tue Sep 29 2020 12:58:43 GMT+0000 (UTC)]  "[36mGET[39m [36m/assets/images/food_images/25.jpg[39m" "Mozilla/5.0 (Windows NT 10.0; Win64; x64) AppleWebKit/537.36 (KHTML, like Gecko) Chrome/85.0.4183.121 Safari/537.36"
[Tue Sep 29 2020 13:20:48 GMT+0000 (UTC)]  "[36mGET[39m [36m/[39m" "Mozilla/5.0 (Windows NT 10.0; Win64; x64) AppleWebKit/537.36 (KHTML, like Gecko) Chrome/85.0.4183.121 Safari/537.36"
[Tue Sep 29 2020 13:20:48 GMT+0000 (UTC)]  "[36mGET[39m [36m/assets/css/style.css[39m" "Mozilla/5.0 (Windows NT 10.0; Win64; x64) AppleWebKit/537.36 (KHTML, like Gecko) Chrome/85.0.4183.121 Safari/537.36"
[Tue Sep 29 2020 13:20:49 GMT+0000 (UTC)]  "[36mGET[39m [36m/assets/js/chat_client.js[39m" "Mozilla/5.0 (Windows NT 10.0; Win64; x64) AppleWebKit/537.36 (KHTML, like Gecko) Chrome/85.0.4183.121 Safari/537.36"
[Tue Sep 29 2020 13:20:49 GMT+0000 (UTC)]  "[36mGET[39m [36m/assets/images/send_icon_white.png[39m" "Mozilla/5.0 (Windows NT 10.0; Win64; x64) AppleWebKit/537.36 (KHTML, like Gecko) Chrome/85.0.4183.121 Safari/537.36"
[Tue Sep 29 2020 13:21:13 GMT+0000 (UTC)]  "[36mGET[39m [36m/assets/images/food_images/21.jpg[39m" "Mozilla/5.0 (Windows NT 10.0; Win64; x64) AppleWebKit/537.36 (KHTML, like Gecko) Chrome/85.0.4183.121 Safari/537.36"
[Tue Sep 29 2020 13:21:13 GMT+0000 (UTC)]  "[36mGET[39m [36m/assets/images/food_images/22.jpg[39m" "Mozilla/5.0 (Windows NT 10.0; Win64; x64) AppleWebKit/537.36 (KHTML, like Gecko) Chrome/85.0.4183.121 Safari/537.36"
[Tue Sep 29 2020 13:21:13 GMT+0000 (UTC)]  "[36mGET[39m [36m/assets/images/food_images/23.jpg[39m" "Mozilla/5.0 (Windows NT 10.0; Win64; x64) AppleWebKit/537.36 (KHTML, like Gecko) Chrome/85.0.4183.121 Safari/537.36"
[Tue Sep 29 2020 13:21:13 GMT+0000 (UTC)]  "[36mGET[39m [36m/assets/images/food_images/24.jpg[39m" "Mozilla/5.0 (Windows NT 10.0; Win64; x64) AppleWebKit/537.36 (KHTML, like Gecko) Chrome/85.0.4183.121 Safari/537.36"
[Tue Sep 29 2020 13:21:13 GMT+0000 (UTC)]  "[36mGET[39m [36m/assets/images/food_images/25.jpg[39m" "Mozilla/5.0 (Windows NT 10.0; Win64; x64) AppleWebKit/537.36 (KHTML, like Gecko) Chrome/85.0.4183.121 Safari/537.36"
[Tue Sep 29 2020 13:21:34 GMT+0000 (UTC)]  "[36mGET[39m [36m/[39m" "Mozilla/5.0 (Windows NT 10.0; Win64; x64) AppleWebKit/537.36 (KHTML, like Gecko) Chrome/85.0.4183.121 Safari/537.36"
[Tue Sep 29 2020 13:21:34 GMT+0000 (UTC)]  "[36mGET[39m [36m/assets/css/style.css[39m" "Mozilla/5.0 (Windows NT 10.0; Win64; x64) AppleWebKit/537.36 (KHTML, like Gecko) Chrome/85.0.4183.121 Safari/537.36"
[31mhttp-server stopped.[39m
[33mStarting up http-server, serving [39m[36m./[39m[33m through[39m[36m https[39m[33m[39m
[33mAvailable on:[39m
  https://127.0.0.1:[32m8080[39m
  https://10.128.0.4:[32m8080[39m
Hit CTRL-C to stop the server
open: https://127.0.0.1:8080
[Wed Sep 30 2020 11:12:26 GMT+0000 (UTC)]  "[36mGET[39m [36m/[39m" "Mozilla/5.0 (Windows NT 10.0; Win64; x64) AppleWebKit/537.36 (KHTML, like Gecko) Chrome/85.0.4183.121 Safari/537.36"
[Wed Sep 30 2020 11:12:26 GMT+0000 (UTC)]  "[36mGET[39m [36m/assets/css/style.css[39m" "Mozilla/5.0 (Windows NT 10.0; Win64; x64) AppleWebKit/537.36 (KHTML, like Gecko) Chrome/85.0.4183.121 Safari/537.36"
[Wed Sep 30 2020 11:12:26 GMT+0000 (UTC)]  "[36mGET[39m [36m/assets/js/chat_client.js[39m" "Mozilla/5.0 (Windows NT 10.0; Win64; x64) AppleWebKit/537.36 (KHTML, like Gecko) Chrome/85.0.4183.121 Safari/537.36"
[Wed Sep 30 2020 11:12:27 GMT+0000 (UTC)]  "[36mGET[39m [36m/assets/images/send_icon_white.png[39m" "Mozilla/5.0 (Windows NT 10.0; Win64; x64) AppleWebKit/537.36 (KHTML, like Gecko) Chrome/85.0.4183.121 Safari/537.36"
[Wed Sep 30 2020 11:12:27 GMT+0000 (UTC)]  "[36mGET[39m [36m/favicon.ico[39m" "Mozilla/5.0 (Windows NT 10.0; Win64; x64) AppleWebKit/537.36 (KHTML, like Gecko) Chrome/85.0.4183.121 Safari/537.36"
[Wed Sep 30 2020 11:12:27 GMT+0000 (UTC)]  "[31mGET[39m [31m/favicon.ico[39m" Error ([31m404[39m): "[31mNot found[39m"
[Wed Sep 30 2020 11:40:58 GMT+0000 (UTC)]  "[36mGET[39m [36m/[39m" "Mozilla/5.0 (Windows NT 10.0; Win64; x64) AppleWebKit/537.36 (KHTML, like Gecko) Chrome/85.0.4183.121 Safari/537.36"
[Wed Sep 30 2020 11:40:59 GMT+0000 (UTC)]  "[36mGET[39m [36m/assets/css/style.css[39m" "Mozilla/5.0 (Windows NT 10.0; Win64; x64) AppleWebKit/537.36 (KHTML, like Gecko) Chrome/85.0.4183.121 Safari/537.36"
[Wed Sep 30 2020 11:40:59 GMT+0000 (UTC)]  "[36mGET[39m [36m/assets/js/chat_client.js[39m" "Mozilla/5.0 (Windows NT 10.0; Win64; x64) AppleWebKit/537.36 (KHTML, like Gecko) Chrome/85.0.4183.121 Safari/537.36"
[Wed Sep 30 2020 11:40:59 GMT+0000 (UTC)]  "[36mGET[39m [36m/assets/images/send_icon_white.png[39m" "Mozilla/5.0 (Windows NT 10.0; Win64; x64) AppleWebKit/537.36 (KHTML, like Gecko) Chrome/85.0.4183.121 Safari/537.36"
[Wed Sep 30 2020 11:43:03 GMT+0000 (UTC)]  "[36mGET[39m [36m/[39m" "Mozilla/5.0 (Windows NT 10.0; Win64; x64) AppleWebKit/537.36 (KHTML, like Gecko) Chrome/85.0.4183.121 Safari/537.36"
[Wed Sep 30 2020 11:43:03 GMT+0000 (UTC)]  "[36mGET[39m [36m/assets/css/style.css[39m" "Mozilla/5.0 (Windows NT 10.0; Win64; x64) AppleWebKit/537.36 (KHTML, like Gecko) Chrome/85.0.4183.121 Safari/537.36"
[Wed Sep 30 2020 11:48:07 GMT+0000 (UTC)]  "[36mGET[39m [36m/[39m" "Mozilla/5.0 (Windows NT 10.0; Win64; x64) AppleWebKit/537.36 (KHTML, like Gecko) Chrome/85.0.4183.121 Safari/537.36"
[Wed Sep 30 2020 11:48:07 GMT+0000 (UTC)]  "[36mGET[39m [36m/assets/css/style.css[39m" "Mozilla/5.0 (Windows NT 10.0; Win64; x64) AppleWebKit/537.36 (KHTML, like Gecko) Chrome/85.0.4183.121 Safari/537.36"
[Wed Sep 30 2020 11:51:53 GMT+0000 (UTC)]  "[36mGET[39m [36m/assets/images/food_images/36.jpg[39m" "Mozilla/5.0 (Windows NT 10.0; Win64; x64) AppleWebKit/537.36 (KHTML, like Gecko) Chrome/85.0.4183.121 Safari/537.36"
[Wed Sep 30 2020 11:52:03 GMT+0000 (UTC)]  "[36mGET[39m [36m/[39m" "Mozilla/5.0 (Windows NT 10.0; Win64; x64) AppleWebKit/537.36 (KHTML, like Gecko) Chrome/85.0.4183.121 Safari/537.36"
[Wed Sep 30 2020 11:52:03 GMT+0000 (UTC)]  "[36mGET[39m [36m/assets/css/style.css[39m" "Mozilla/5.0 (Windows NT 10.0; Win64; x64) AppleWebKit/537.36 (KHTML, like Gecko) Chrome/85.0.4183.121 Safari/537.36"
[Wed Sep 30 2020 12:11:25 GMT+0000 (UTC)]  "[36mGET[39m [36m/[39m" "Mozilla/5.0 (Windows NT 10.0; Win64; x64) AppleWebKit/537.36 (KHTML, like Gecko) Chrome/85.0.4183.121 Safari/537.36"
[Wed Sep 30 2020 12:11:25 GMT+0000 (UTC)]  "[36mGET[39m [36m/assets/css/style.css[39m" "Mozilla/5.0 (Windows NT 10.0; Win64; x64) AppleWebKit/537.36 (KHTML, like Gecko) Chrome/85.0.4183.121 Safari/537.36"
[Wed Sep 30 2020 12:11:26 GMT+0000 (UTC)]  "[36mGET[39m [36m/assets/js/chat_client.js[39m" "Mozilla/5.0 (Windows NT 10.0; Win64; x64) AppleWebKit/537.36 (KHTML, like Gecko) Chrome/85.0.4183.121 Safari/537.36"
[Wed Sep 30 2020 12:11:26 GMT+0000 (UTC)]  "[36mGET[39m [36m/assets/images/send_icon_white.png[39m" "Mozilla/5.0 (Windows NT 10.0; Win64; x64) AppleWebKit/537.36 (KHTML, like Gecko) Chrome/85.0.4183.121 Safari/537.36"
[Wed Sep 30 2020 12:12:12 GMT+0000 (UTC)]  "[36mGET[39m [36m/[39m" "Mozilla/5.0 (Windows NT 10.0; Win64; x64) AppleWebKit/537.36 (KHTML, like Gecko) Chrome/85.0.4183.121 Safari/537.36"
[Wed Sep 30 2020 12:12:13 GMT+0000 (UTC)]  "[36mGET[39m [36m/assets/css/style.css[39m" "Mozilla/5.0 (Windows NT 10.0; Win64; x64) AppleWebKit/537.36 (KHTML, like Gecko) Chrome/85.0.4183.121 Safari/537.36"
[Wed Sep 30 2020 12:17:08 GMT+0000 (UTC)]  "[36mGET[39m [36m/assets/images/food_images/21.jpg[39m" "Mozilla/5.0 (Windows NT 10.0; Win64; x64) AppleWebKit/537.36 (KHTML, like Gecko) Chrome/85.0.4183.121 Safari/537.36"
[Wed Sep 30 2020 12:17:08 GMT+0000 (UTC)]  "[36mGET[39m [36m/assets/images/food_images/22.jpg[39m" "Mozilla/5.0 (Windows NT 10.0; Win64; x64) AppleWebKit/537.36 (KHTML, like Gecko) Chrome/85.0.4183.121 Safari/537.36"
[Wed Sep 30 2020 12:17:08 GMT+0000 (UTC)]  "[36mGET[39m [36m/assets/images/food_images/23.jpg[39m" "Mozilla/5.0 (Windows NT 10.0; Win64; x64) AppleWebKit/537.36 (KHTML, like Gecko) Chrome/85.0.4183.121 Safari/537.36"
[Wed Sep 30 2020 12:17:08 GMT+0000 (UTC)]  "[36mGET[39m [36m/assets/images/food_images/24.jpg[39m" "Mozilla/5.0 (Windows NT 10.0; Win64; x64) AppleWebKit/537.36 (KHTML, like Gecko) Chrome/85.0.4183.121 Safari/537.36"
[Wed Sep 30 2020 12:17:08 GMT+0000 (UTC)]  "[36mGET[39m [36m/assets/images/food_images/25.jpg[39m" "Mozilla/5.0 (Windows NT 10.0; Win64; x64) AppleWebKit/537.36 (KHTML, like Gecko) Chrome/85.0.4183.121 Safari/537.36"
[Wed Sep 30 2020 12:22:30 GMT+0000 (UTC)]  "[36mGET[39m [36m/[39m" "Mozilla/5.0 (Windows NT 10.0; Win64; x64) AppleWebKit/537.36 (KHTML, like Gecko) Chrome/85.0.4183.121 Safari/537.36"
[Wed Sep 30 2020 12:22:31 GMT+0000 (UTC)]  "[36mGET[39m [36m/assets/css/style.css[39m" "Mozilla/5.0 (Windows NT 10.0; Win64; x64) AppleWebKit/537.36 (KHTML, like Gecko) Chrome/85.0.4183.121 Safari/537.36"
[Wed Sep 30 2020 12:22:35 GMT+0000 (UTC)]  "[36mGET[39m [36m/[39m" "Mozilla/5.0 (Windows NT 10.0; Win64; x64) AppleWebKit/537.36 (KHTML, like Gecko) Chrome/85.0.4183.121 Safari/537.36"
[Wed Sep 30 2020 12:22:40 GMT+0000 (UTC)]  "[36mGET[39m [36m/[39m" "Mozilla/5.0 (Windows NT 10.0; Win64; x64) AppleWebKit/537.36 (KHTML, like Gecko) Chrome/85.0.4183.121 Safari/537.36"
[Wed Sep 30 2020 12:22:40 GMT+0000 (UTC)]  "[36mGET[39m [36m/assets/css/style.css[39m" "Mozilla/5.0 (Windows NT 10.0; Win64; x64) AppleWebKit/537.36 (KHTML, like Gecko) Chrome/85.0.4183.121 Safari/537.36"
[Wed Sep 30 2020 12:22:40 GMT+0000 (UTC)]  "[36mGET[39m [36m/assets/js/chat_client.js[39m" "Mozilla/5.0 (Windows NT 10.0; Win64; x64) AppleWebKit/537.36 (KHTML, like Gecko) Chrome/85.0.4183.121 Safari/537.36"
[Wed Sep 30 2020 12:22:40 GMT+0000 (UTC)]  "[36mGET[39m [36m/assets/images/sound_on.png[39m" "Mozilla/5.0 (Windows NT 10.0; Win64; x64) AppleWebKit/537.36 (KHTML, like Gecko) Chrome/85.0.4183.121 Safari/537.36"
[Wed Sep 30 2020 12:22:40 GMT+0000 (UTC)]  "[36mGET[39m [36m/assets/images/mic_icon.png[39m" "Mozilla/5.0 (Windows NT 10.0; Win64; x64) AppleWebKit/537.36 (KHTML, like Gecko) Chrome/85.0.4183.121 Safari/537.36"
[Wed Sep 30 2020 12:22:40 GMT+0000 (UTC)]  "[36mGET[39m [36m/assets/images/send_icon_white.png[39m" "Mozilla/5.0 (Windows NT 10.0; Win64; x64) AppleWebKit/537.36 (KHTML, like Gecko) Chrome/85.0.4183.121 Safari/537.36"
[Wed Sep 30 2020 12:22:40 GMT+0000 (UTC)]  "[36mGET[39m [36m/favicon.ico[39m" "Mozilla/5.0 (Windows NT 10.0; Win64; x64) AppleWebKit/537.36 (KHTML, like Gecko) Chrome/85.0.4183.121 Safari/537.36"
[Wed Sep 30 2020 12:22:40 GMT+0000 (UTC)]  "[31mGET[39m [31m/favicon.ico[39m" Error ([31m404[39m): "[31mNot found[39m"
[Wed Sep 30 2020 12:38:34 GMT+0000 (UTC)]  "[36mGET[39m [36m/assets/images/sound_off.png[39m" "Mozilla/5.0 (Windows NT 10.0; Win64; x64) AppleWebKit/537.36 (KHTML, like Gecko) Chrome/85.0.4183.121 Safari/537.36"
[Wed Sep 30 2020 12:38:41 GMT+0000 (UTC)]  "[36mGET[39m [36m/assets/images/mic_disabled_icon.png[39m" "Mozilla/5.0 (Windows NT 10.0; Win64; x64) AppleWebKit/537.36 (KHTML, like Gecko) Chrome/85.0.4183.121 Safari/537.36"
[Wed Sep 30 2020 12:46:36 GMT+0000 (UTC)]  "[36mGET[39m [36m/assets/css/style.css[39m" "Mozilla/5.0 (Windows NT 10.0; Win64; x64) AppleWebKit/537.36 (KHTML, like Gecko) Chrome/85.0.4183.121 Safari/537.36"
[Wed Sep 30 2020 12:48:28 GMT+0000 (UTC)]  "[36mGET[39m [36m/[39m" "Mozilla/5.0 (Windows NT 10.0; Win64; x64) AppleWebKit/537.36 (KHTML, like Gecko) Chrome/85.0.4183.121 Safari/537.36"
[Wed Sep 30 2020 12:48:28 GMT+0000 (UTC)]  "[36mGET[39m [36m/assets/css/style.css[39m" "Mozilla/5.0 (Windows NT 10.0; Win64; x64) AppleWebKit/537.36 (KHTML, like Gecko) Chrome/85.0.4183.121 Safari/537.36"
[Wed Sep 30 2020 12:48:28 GMT+0000 (UTC)]  "[36mGET[39m [36m/assets/js/chat_client.js[39m" "Mozilla/5.0 (Windows NT 10.0; Win64; x64) AppleWebKit/537.36 (KHTML, like Gecko) Chrome/85.0.4183.121 Safari/537.36"
[Wed Sep 30 2020 12:48:28 GMT+0000 (UTC)]  "[36mGET[39m [36m/assets/images/sound_on.png[39m" "Mozilla/5.0 (Windows NT 10.0; Win64; x64) AppleWebKit/537.36 (KHTML, like Gecko) Chrome/85.0.4183.121 Safari/537.36"
[Wed Sep 30 2020 12:48:28 GMT+0000 (UTC)]  "[36mGET[39m [36m/favicon.ico[39m" "Mozilla/5.0 (Windows NT 10.0; Win64; x64) AppleWebKit/537.36 (KHTML, like Gecko) Chrome/85.0.4183.121 Safari/537.36"
[Wed Sep 30 2020 12:48:28 GMT+0000 (UTC)]  "[31mGET[39m [31m/favicon.ico[39m" Error ([31m404[39m): "[31mNot found[39m"
[Wed Sep 30 2020 12:48:29 GMT+0000 (UTC)]  "[36mGET[39m [36m/assets/images/send_icon_white.png[39m" "Mozilla/5.0 (Windows NT 10.0; Win64; x64) AppleWebKit/537.36 (KHTML, like Gecko) Chrome/85.0.4183.121 Safari/537.36"
[Wed Sep 30 2020 12:48:29 GMT+0000 (UTC)]  "[36mGET[39m [36m/assets/images/mic_icon.png[39m" "Mozilla/5.0 (Windows NT 10.0; Win64; x64) AppleWebKit/537.36 (KHTML, like Gecko) Chrome/85.0.4183.121 Safari/537.36"
[Wed Sep 30 2020 12:48:30 GMT+0000 (UTC)]  "[36mGET[39m [36m/assets/images/mic_disabled_icon.png[39m" "Mozilla/5.0 (Windows NT 10.0; Win64; x64) AppleWebKit/537.36 (KHTML, like Gecko) Chrome/85.0.4183.121 Safari/537.36"
[Wed Sep 30 2020 12:49:11 GMT+0000 (UTC)]  "[36mGET[39m [36m/[39m" "Mozilla/5.0 (Windows NT 10.0; Win64; x64) AppleWebKit/537.36 (KHTML, like Gecko) Chrome/85.0.4183.121 Safari/537.36"
[Wed Sep 30 2020 12:49:11 GMT+0000 (UTC)]  "[36mGET[39m [36m/assets/js/chat_client.js[39m" "Mozilla/5.0 (Windows NT 10.0; Win64; x64) AppleWebKit/537.36 (KHTML, like Gecko) Chrome/85.0.4183.121 Safari/537.36"
[Wed Sep 30 2020 12:49:11 GMT+0000 (UTC)]  "[36mGET[39m [36m/assets/css/style.css[39m" "Mozilla/5.0 (Windows NT 10.0; Win64; x64) AppleWebKit/537.36 (KHTML, like Gecko) Chrome/85.0.4183.121 Safari/537.36"
[Wed Sep 30 2020 12:49:12 GMT+0000 (UTC)]  "[36mGET[39m [36m/assets/images/sound_on.png[39m" "Mozilla/5.0 (Windows NT 10.0; Win64; x64) AppleWebKit/537.36 (KHTML, like Gecko) Chrome/85.0.4183.121 Safari/537.36"
[Wed Sep 30 2020 12:49:12 GMT+0000 (UTC)]  "[36mGET[39m [36m/assets/images/mic_icon.png[39m" "Mozilla/5.0 (Windows NT 10.0; Win64; x64) AppleWebKit/537.36 (KHTML, like Gecko) Chrome/85.0.4183.121 Safari/537.36"
[Wed Sep 30 2020 12:49:12 GMT+0000 (UTC)]  "[36mGET[39m [36m/assets/images/send_icon_white.png[39m" "Mozilla/5.0 (Windows NT 10.0; Win64; x64) AppleWebKit/537.36 (KHTML, like Gecko) Chrome/85.0.4183.121 Safari/537.36"
[Wed Sep 30 2020 12:49:12 GMT+0000 (UTC)]  "[36mGET[39m [36m/favicon.ico[39m" "Mozilla/5.0 (Windows NT 10.0; Win64; x64) AppleWebKit/537.36 (KHTML, like Gecko) Chrome/85.0.4183.121 Safari/537.36"
[Wed Sep 30 2020 12:49:12 GMT+0000 (UTC)]  "[31mGET[39m [31m/favicon.ico[39m" Error ([31m404[39m): "[31mNot found[39m"
[Wed Sep 30 2020 12:49:14 GMT+0000 (UTC)]  "[36mGET[39m [36m/assets/images/mic_disabled_icon.png[39m" "Mozilla/5.0 (Windows NT 10.0; Win64; x64) AppleWebKit/537.36 (KHTML, like Gecko) Chrome/85.0.4183.121 Safari/537.36"
[Wed Sep 30 2020 12:50:02 GMT+0000 (UTC)]  "[36mGET[39m [36m/[39m" "Mozilla/5.0 (Windows NT 10.0; Win64; x64) AppleWebKit/537.36 (KHTML, like Gecko) Chrome/85.0.4183.121 Safari/537.36"
[Wed Sep 30 2020 12:50:02 GMT+0000 (UTC)]  "[36mGET[39m [36m/assets/css/style.css[39m" "Mozilla/5.0 (Windows NT 10.0; Win64; x64) AppleWebKit/537.36 (KHTML, like Gecko) Chrome/85.0.4183.121 Safari/537.36"
[Wed Sep 30 2020 12:50:02 GMT+0000 (UTC)]  "[36mGET[39m [36m/assets/js/chat_client.js[39m" "Mozilla/5.0 (Windows NT 10.0; Win64; x64) AppleWebKit/537.36 (KHTML, like Gecko) Chrome/85.0.4183.121 Safari/537.36"
[Wed Sep 30 2020 12:50:02 GMT+0000 (UTC)]  "[36mGET[39m [36m/assets/images/sound_on.png[39m" "Mozilla/5.0 (Windows NT 10.0; Win64; x64) AppleWebKit/537.36 (KHTML, like Gecko) Chrome/85.0.4183.121 Safari/537.36"
[Wed Sep 30 2020 12:50:02 GMT+0000 (UTC)]  "[36mGET[39m [36m/favicon.ico[39m" "Mozilla/5.0 (Windows NT 10.0; Win64; x64) AppleWebKit/537.36 (KHTML, like Gecko) Chrome/85.0.4183.121 Safari/537.36"
[Wed Sep 30 2020 12:50:02 GMT+0000 (UTC)]  "[31mGET[39m [31m/favicon.ico[39m" Error ([31m404[39m): "[31mNot found[39m"
[Wed Sep 30 2020 12:50:02 GMT+0000 (UTC)]  "[36mGET[39m [36m/assets/images/send_icon_white.png[39m" "Mozilla/5.0 (Windows NT 10.0; Win64; x64) AppleWebKit/537.36 (KHTML, like Gecko) Chrome/85.0.4183.121 Safari/537.36"
[Wed Sep 30 2020 12:50:03 GMT+0000 (UTC)]  "[36mGET[39m [36m/assets/images/mic_icon.png[39m" "Mozilla/5.0 (Windows NT 10.0; Win64; x64) AppleWebKit/537.36 (KHTML, like Gecko) Chrome/85.0.4183.121 Safari/537.36"
[31mhttp-server stopped.[39m
[33mStarting up http-server, serving [39m[36m./[39m[33m through[39m[36m https[39m[33m[39m
[33mAvailable on:[39m
  https://127.0.0.1:[32m8080[39m
  https://10.128.0.4:[32m8080[39m
Hit CTRL-C to stop the server
open: https://127.0.0.1:8080
[Wed Sep 30 2020 12:56:46 GMT+0000 (UTC)]  "[36mGET[39m [36m/[39m" "Mozilla/5.0 (Windows NT 10.0; Win64; x64) AppleWebKit/537.36 (KHTML, like Gecko) Chrome/85.0.4183.121 Safari/537.36"
[Wed Sep 30 2020 12:56:46 GMT+0000 (UTC)]  "[36mGET[39m [36m/assets/css/style.css[39m" "Mozilla/5.0 (Windows NT 10.0; Win64; x64) AppleWebKit/537.36 (KHTML, like Gecko) Chrome/85.0.4183.121 Safari/537.36"
[Wed Sep 30 2020 12:56:47 GMT+0000 (UTC)]  "[36mGET[39m [36m/assets/js/chat_client.js[39m" "Mozilla/5.0 (Windows NT 10.0; Win64; x64) AppleWebKit/537.36 (KHTML, like Gecko) Chrome/85.0.4183.121 Safari/537.36"
[Wed Sep 30 2020 12:56:47 GMT+0000 (UTC)]  "[36mGET[39m [36m/assets/images/sound_on.png[39m" "Mozilla/5.0 (Windows NT 10.0; Win64; x64) AppleWebKit/537.36 (KHTML, like Gecko) Chrome/85.0.4183.121 Safari/537.36"
[Wed Sep 30 2020 12:56:47 GMT+0000 (UTC)]  "[36mGET[39m [36m/assets/images/send_icon_white.png[39m" "Mozilla/5.0 (Windows NT 10.0; Win64; x64) AppleWebKit/537.36 (KHTML, like Gecko) Chrome/85.0.4183.121 Safari/537.36"
[Wed Sep 30 2020 12:56:47 GMT+0000 (UTC)]  "[36mGET[39m [36m/assets/images/mic_icon.png[39m" "Mozilla/5.0 (Windows NT 10.0; Win64; x64) AppleWebKit/537.36 (KHTML, like Gecko) Chrome/85.0.4183.121 Safari/537.36"
[Wed Sep 30 2020 12:57:11 GMT+0000 (UTC)]  "[36mGET[39m [36m/assets/audios/1601470631.335486.mp3[39m" "Mozilla/5.0 (Windows NT 10.0; Win64; x64) AppleWebKit/537.36 (KHTML, like Gecko) Chrome/85.0.4183.121 Safari/537.36"
[Wed Sep 30 2020 12:57:11 GMT+0000 (UTC)]  "[36mGET[39m [36m/favicon.ico[39m" "Mozilla/5.0 (Windows NT 10.0; Win64; x64) AppleWebKit/537.36 (KHTML, like Gecko) Chrome/85.0.4183.121 Safari/537.36"
[Wed Sep 30 2020 12:57:11 GMT+0000 (UTC)]  "[31mGET[39m [31m/favicon.ico[39m" Error ([31m404[39m): "[31mNot found[39m"
[Wed Sep 30 2020 12:57:17 GMT+0000 (UTC)]  "[36mGET[39m [36m/assets/images/mic_disabled_icon.png[39m" "Mozilla/5.0 (Windows NT 10.0; Win64; x64) AppleWebKit/537.36 (KHTML, like Gecko) Chrome/85.0.4183.121 Safari/537.36"
[Wed Sep 30 2020 12:57:26 GMT+0000 (UTC)]  "[36mGET[39m [36m/assets/audios/1601470646.1341493.mp3[39m" "Mozilla/5.0 (Windows NT 10.0; Win64; x64) AppleWebKit/537.36 (KHTML, like Gecko) Chrome/85.0.4183.121 Safari/537.36"
[Wed Sep 30 2020 12:57:27 GMT+0000 (UTC)]  "[36mGET[39m [36m/favicon.ico[39m" "Mozilla/5.0 (Windows NT 10.0; Win64; x64) AppleWebKit/537.36 (KHTML, like Gecko) Chrome/85.0.4183.121 Safari/537.36"
[Wed Sep 30 2020 12:57:27 GMT+0000 (UTC)]  "[31mGET[39m [31m/favicon.ico[39m" Error ([31m404[39m): "[31mNot found[39m"
[Wed Sep 30 2020 12:57:44 GMT+0000 (UTC)]  "[36mGET[39m [36m/[39m" "Mozilla/5.0 (Windows NT 10.0; Win64; x64) AppleWebKit/537.36 (KHTML, like Gecko) Chrome/85.0.4183.121 Safari/537.36"
[Wed Sep 30 2020 12:57:44 GMT+0000 (UTC)]  "[36mGET[39m [36m/assets/css/style.css[39m" "Mozilla/5.0 (Windows NT 10.0; Win64; x64) AppleWebKit/537.36 (KHTML, like Gecko) Chrome/85.0.4183.121 Safari/537.36"
[Wed Sep 30 2020 12:57:46 GMT+0000 (UTC)]  "[36mGET[39m [36m/favicon.ico[39m" "Mozilla/5.0 (Windows NT 10.0; Win64; x64) AppleWebKit/537.36 (KHTML, like Gecko) Chrome/85.0.4183.121 Safari/537.36"
[Wed Sep 30 2020 12:57:46 GMT+0000 (UTC)]  "[31mGET[39m [31m/favicon.ico[39m" Error ([31m404[39m): "[31mNot found[39m"
[Wed Sep 30 2020 12:57:52 GMT+0000 (UTC)]  "[36mGET[39m [36m/assets/images/mic_disabled_icon.png[39m" "Mozilla/5.0 (Windows NT 10.0; Win64; x64) AppleWebKit/537.36 (KHTML, like Gecko) Chrome/85.0.4183.121 Safari/537.36"
[Wed Sep 30 2020 12:57:58 GMT+0000 (UTC)]  "[36mGET[39m [36m/favicon.ico[39m" "Mozilla/5.0 (Windows NT 10.0; Win64; x64) AppleWebKit/537.36 (KHTML, like Gecko) Chrome/85.0.4183.121 Safari/537.36"
[Wed Sep 30 2020 12:57:58 GMT+0000 (UTC)]  "[31mGET[39m [31m/favicon.ico[39m" Error ([31m404[39m): "[31mNot found[39m"
[Wed Sep 30 2020 12:58:13 GMT+0000 (UTC)]  "[36mGET[39m [36m/assets/images/food_images/21.jpg[39m" "Mozilla/5.0 (Windows NT 10.0; Win64; x64) AppleWebKit/537.36 (KHTML, like Gecko) Chrome/85.0.4183.121 Safari/537.36"
[Wed Sep 30 2020 12:58:13 GMT+0000 (UTC)]  "[36mGET[39m [36m/assets/images/food_images/22.jpg[39m" "Mozilla/5.0 (Windows NT 10.0; Win64; x64) AppleWebKit/537.36 (KHTML, like Gecko) Chrome/85.0.4183.121 Safari/537.36"
[Wed Sep 30 2020 12:58:13 GMT+0000 (UTC)]  "[36mGET[39m [36m/assets/images/food_images/23.jpg[39m" "Mozilla/5.0 (Windows NT 10.0; Win64; x64) AppleWebKit/537.36 (KHTML, like Gecko) Chrome/85.0.4183.121 Safari/537.36"
[Wed Sep 30 2020 12:58:13 GMT+0000 (UTC)]  "[36mGET[39m [36m/assets/images/food_images/24.jpg[39m" "Mozilla/5.0 (Windows NT 10.0; Win64; x64) AppleWebKit/537.36 (KHTML, like Gecko) Chrome/85.0.4183.121 Safari/537.36"
[Wed Sep 30 2020 12:58:13 GMT+0000 (UTC)]  "[36mGET[39m [36m/assets/images/food_images/25.jpg[39m" "Mozilla/5.0 (Windows NT 10.0; Win64; x64) AppleWebKit/537.36 (KHTML, like Gecko) Chrome/85.0.4183.121 Safari/537.36"
[Wed Sep 30 2020 12:58:13 GMT+0000 (UTC)]  "[36mGET[39m [36m/assets/audios/1601470692.8265822.mp3[39m" "Mozilla/5.0 (Windows NT 10.0; Win64; x64) AppleWebKit/537.36 (KHTML, like Gecko) Chrome/85.0.4183.121 Safari/537.36"
[Wed Sep 30 2020 12:58:13 GMT+0000 (UTC)]  "[36mGET[39m [36m/favicon.ico[39m" "Mozilla/5.0 (Windows NT 10.0; Win64; x64) AppleWebKit/537.36 (KHTML, like Gecko) Chrome/85.0.4183.121 Safari/537.36"
[Wed Sep 30 2020 12:58:13 GMT+0000 (UTC)]  "[31mGET[39m [31m/favicon.ico[39m" Error ([31m404[39m): "[31mNot found[39m"
